<?xml version="1.0" encoding="UTF-8"?>
<!-- Generated by org.testng.reporters.JUnitReportReporter -->
<testsuite hostname="DESKTOP-QMSQO3B" failures="0" tests="1" name="automation.DevOpsEvening.RegisterDemo" time="0.017" errors="0" timestamp="2021-09-04T18:55:58 IST" skipped="0">
  <testcase classname="automation.DevOpsEvening.RegisterDemo" name="registerDemo" time="0.017"/>
  <system-out/>
</testsuite> <!-- automation.DevOpsEvening.RegisterDemo -->
